<?xml version="1.0" encoding="UTF-8"?>
<!-- Generated by org.testng.reporters.JUnitXMLReporter -->
<testsuite hostname="rupesh3151597" ignored="0" name="Default test" tests="1" failures="1" timestamp="2021-02-23T11:31:05 IST" time="75.769" errors="0">
  <testcase name="runScenario" time="33.796" classname="io.cucumber.testng.AbstractTestNGCucumberTests">
    <failure type="java.lang.AssertionError" message="Could not click on country code due to Can&amp;apos;t locate an element by this strategy: By.chained({By.id: countryCode})">
      <![CDATA[java.lang.AssertionError: Could not click on country code due to Can't locate an element by this strategy: By.chained({By.id: countryCode})
at org.testng.Assert.fail(Assert.java:99)
at core.CoreFunctions.click(CoreFunctions.java:53)
at galatasaray.pageObjects.SignInPage.clickOnCountryCode(SignInPage.java:51)
at galatasaray.stepdefinition.HomeScreenSteps.select_country_as(HomeScreenSteps.java:201)
at ✽.select country as "India" with country code as "+91"(file:///D:/workspace_eclipse/appium-project/src/test/resources/features/galatasaray/homescreen.feature:56)
]]>
    </failure>
  </testcase> <!-- runScenario -->
</testsuite> <!-- Default test -->
